[2025-05-17 10:51:16] INFO: Creating session for: abhi
[2025-05-17 10:51:18] INFO: [abhi] Logged in as 919473634215:44@s.whatsapp.net
[2025-05-17 10:52:06] INFO: Creating session for: abhi
[2025-05-17 10:52:07] WARN: [abhi] Connection closed. Reconnect: true
[2025-05-17 10:52:07] INFO: [abhi] Attempting reconnection...
[2025-05-17 10:52:07] INFO: Creating session for: abhi
[2025-05-17 10:52:08] INFO: [abhi] Logged in as 919473634215:44@s.whatsapp.net
[2025-05-17 10:52:09] WARN: [abhi] Connection closed. Reconnect: true
[2025-05-17 10:52:09] INFO: [abhi] Attempting reconnection...
[2025-05-17 10:52:09] INFO: Creating session for: abhi
[2025-05-17 10:52:09] INFO: [abhi] Logged in as 919473634215:44@s.whatsapp.net
[2025-05-17 10:52:10] INFO: Creating session for: abhi
[2025-05-17 10:52:10] WARN: [abhi] Connection closed. Reconnect: true
[2025-05-17 10:52:10] INFO: [abhi] Attempting reconnection...
[2025-05-17 10:52:10] INFO: Creating session for: abhi
[2025-05-17 10:52:11] INFO: [abhi] Logged in as 919473634215:44@s.whatsapp.net
[2025-05-17 10:52:11] WARN: [abhi] Connection closed. Reconnect: true
[2025-05-17 10:52:11] INFO: [abhi] Attempting reconnection...
[2025-05-17 10:52:11] INFO: Creating session for: abhi
[2025-05-17 10:52:12] INFO: [abhi] Logged in as 919473634215:44@s.whatsapp.net
[2025-05-17 10:52:12] WARN: [abhi] Connection closed. Reconnect: true
[2025-05-17 10:52:12] INFO: [abhi] Attempting reconnection...
[2025-05-17 10:52:12] INFO: Creating session for: abhi
[2025-05-17 10:52:12] WARN: [abhi] Connection closed. Reconnect: true
[2025-05-17 10:52:12] INFO: [abhi] Attempting reconnection...
[2025-05-17 10:52:12] INFO: Creating session for: abhi
[2025-05-17 10:52:13] INFO: [abhi] Logged in as 919473634215:44@s.whatsapp.net
[2025-05-17 10:52:13] WARN: [abhi] Connection closed. Reconnect: true
[2025-05-17 10:52:13] INFO: [abhi] Attempting reconnection...
[2025-05-17 10:52:13] INFO: Creating session for: abhi
[2025-05-17 10:52:25] INFO: Creating session for: abhi
[2025-05-17 10:52:27] INFO: [abhi] Logged in as 919473634215:44@s.whatsapp.net
[2025-05-17 10:52:28] INFO: Creating session for: abhi
[2025-05-17 10:52:29] WARN: [abhi] Connection closed. Reconnect: true
[2025-05-17 10:52:29] INFO: [abhi] Attempting reconnection...
[2025-05-17 10:52:29] INFO: Creating session for: abhi
[2025-05-17 10:52:30] INFO: [abhi] Logged in as 919473634215:44@s.whatsapp.net
[2025-05-17 10:52:31] WARN: [abhi] Connection closed. Reconnect: true
[2025-05-17 10:52:31] INFO: [abhi] Attempting reconnection...
[2025-05-17 10:52:31] INFO: Creating session for: abhi
[2025-05-17 10:52:31] INFO: [abhi] Logged in as 919473634215:44@s.whatsapp.net
[2025-05-17 10:52:32] INFO: Creating session for: abhi
[2025-05-17 10:52:32] WARN: [abhi] Connection closed. Reconnect: true
[2025-05-17 10:52:32] INFO: [abhi] Attempting reconnection...
[2025-05-17 10:52:32] INFO: Creating session for: abhi
[2025-05-17 10:52:33] INFO: [abhi] Logged in as 919473634215:44@s.whatsapp.net
[2025-05-17 10:52:33] WARN: [abhi] Connection closed. Reconnect: true
[2025-05-17 10:52:33] INFO: [abhi] Attempting reconnection...
[2025-05-17 10:52:33] INFO: Creating session for: abhi
[2025-05-17 10:52:34] INFO: [abhi] Logged in as 919473634215:44@s.whatsapp.net
[2025-05-17 10:52:34] WARN: [abhi] Connection closed. Reconnect: true
[2025-05-17 10:52:34] INFO: [abhi] Attempting reconnection...
[2025-05-17 10:52:34] INFO: Creating session for: abhi
[2025-05-17 10:52:34] INFO: [abhi] Logged in as 919473634215:44@s.whatsapp.net
[2025-05-17 10:52:34] WARN: [abhi] Connection closed. Reconnect: true
[2025-05-17 10:52:34] INFO: [abhi] Attempting reconnection...
[2025-05-17 10:52:34] INFO: Creating session for: abhi
[2025-05-17 10:52:35] INFO: [abhi] Logged in as 919473634215:44@s.whatsapp.net
[2025-05-17 10:52:35] WARN: [abhi] Connection closed. Reconnect: true
[2025-05-17 10:52:35] INFO: [abhi] Attempting reconnection...
[2025-05-17 10:52:35] INFO: Creating session for: abhi
[2025-05-17 10:52:36] INFO: [abhi] Logged in as 919473634215:44@s.whatsapp.net
[2025-05-17 10:52:36] WARN: [abhi] Connection closed. Reconnect: true
[2025-05-17 10:52:36] INFO: [abhi] Attempting reconnection...
[2025-05-17 10:52:36] INFO: Creating session for: abhi
[2025-05-17 10:52:36] INFO: [abhi] Logged in as 919473634215:44@s.whatsapp.net
[2025-05-17 10:52:36] WARN: [abhi] Connection closed. Reconnect: true
[2025-05-17 10:52:36] INFO: [abhi] Attempting reconnection...
[2025-05-17 10:52:36] INFO: Creating session for: abhi
[2025-05-17 10:52:37] INFO: [abhi] Logged in as 919473634215:44@s.whatsapp.net
[2025-05-17 10:52:38] WARN: [abhi] Connection closed. Reconnect: true
[2025-05-17 10:52:38] INFO: [abhi] Attempting reconnection...
[2025-05-17 10:52:38] INFO: Creating session for: abhi
[2025-05-17 10:52:38] WARN: [abhi] Connection closed. Reconnect: true
[2025-05-17 10:52:38] INFO: [abhi] Attempting reconnection...
[2025-05-17 10:52:38] INFO: Creating session for: abhi
[2025-05-17 10:52:38] WARN: [abhi] Connection closed. Reconnect: true
[2025-05-17 10:52:38] INFO: [abhi] Attempting reconnection...
[2025-05-17 10:52:38] INFO: Creating session for: abhi
[2025-05-17 10:52:39] INFO: [abhi] Logged in as 919473634215:44@s.whatsapp.net
[2025-05-17 10:52:39] WARN: [abhi] Connection closed. Reconnect: true
[2025-05-17 10:52:39] INFO: [abhi] Attempting reconnection...
[2025-05-17 10:52:39] INFO: Creating session for: abhi
[2025-05-17 10:52:39] WARN: [abhi] Connection closed. Reconnect: true
[2025-05-17 10:52:39] INFO: [abhi] Attempting reconnection...
[2025-05-17 10:52:39] INFO: Creating session for: abhi
[2025-05-17 10:52:40] INFO: [abhi] Logged in as 919473634215:44@s.whatsapp.net
[2025-05-17 10:52:40] WARN: [abhi] Connection closed. Reconnect: true
[2025-05-17 10:52:40] INFO: [abhi] Attempting reconnection...
[2025-05-17 10:52:40] INFO: Creating session for: abhi
[2025-05-17 10:52:41] WARN: [abhi] Connection closed. Reconnect: true
[2025-05-17 10:52:41] INFO: [abhi] Attempting reconnection...
[2025-05-17 10:52:41] INFO: Creating session for: abhi
[2025-05-17 10:52:41] INFO: [abhi] Logged in as 919473634215:44@s.whatsapp.net
[2025-05-17 10:52:42] WARN: [abhi] Connection closed. Reconnect: true
[2025-05-17 10:52:42] INFO: [abhi] Attempting reconnection...
[2025-05-17 10:52:42] INFO: Creating session for: abhi
[2025-05-17 10:52:42] INFO: [abhi] Logged in as 919473634215:44@s.whatsapp.net
[2025-05-17 10:52:42] WARN: [abhi] Connection closed. Reconnect: true
[2025-05-17 10:52:42] INFO: [abhi] Attempting reconnection...
[2025-05-17 10:52:42] INFO: Creating session for: abhi
[2025-05-17 10:52:43] WARN: [abhi] Connection closed. Reconnect: true
[2025-05-17 10:52:43] INFO: [abhi] Attempting reconnection...
[2025-05-17 10:52:43] INFO: Creating session for: abhi
[2025-05-17 10:52:43] INFO: [abhi] Logged in as 919473634215:44@s.whatsapp.net
[2025-05-17 10:52:44] WARN: [abhi] Connection closed. Reconnect: true
[2025-05-17 10:52:44] INFO: [abhi] Attempting reconnection...
[2025-05-17 10:52:44] INFO: Creating session for: abhi
[2025-05-17 10:52:44] WARN: [abhi] Connection closed. Reconnect: true
[2025-05-17 10:52:44] INFO: [abhi] Attempting reconnection...
[2025-05-17 10:52:44] INFO: Creating session for: abhi
[2025-05-17 10:52:44] INFO: [abhi] Logged in as 919473634215:44@s.whatsapp.net
[2025-05-17 10:52:45] WARN: [abhi] Connection closed. Reconnect: true
[2025-05-17 10:52:45] INFO: [abhi] Attempting reconnection...
[2025-05-17 10:52:45] INFO: Creating session for: abhi
[2025-05-17 10:52:45] WARN: [abhi] Connection closed. Reconnect: true
[2025-05-17 10:52:45] INFO: [abhi] Attempting reconnection...
[2025-05-17 10:52:45] INFO: Creating session for: abhi
[2025-05-17 10:52:45] INFO: [abhi] Logged in as 919473634215:44@s.whatsapp.net
[2025-05-17 10:52:46] WARN: [abhi] Connection closed. Reconnect: true
[2025-05-17 10:52:46] INFO: [abhi] Attempting reconnection...
[2025-05-17 10:52:46] INFO: Creating session for: abhi
[2025-05-17 10:52:46] INFO: [abhi] Logged in as 919473634215:44@s.whatsapp.net
[2025-05-17 10:52:46] WARN: [abhi] Connection closed. Reconnect: true
[2025-05-17 10:52:46] INFO: [abhi] Attempting reconnection...
[2025-05-17 10:52:46] INFO: Creating session for: abhi
[2025-05-17 10:52:47] INFO: [abhi] Logged in as 919473634215:44@s.whatsapp.net
[2025-05-17 10:52:47] WARN: [abhi] Connection closed. Reconnect: true
[2025-05-17 10:52:47] INFO: [abhi] Attempting reconnection...
[2025-05-17 10:52:47] INFO: Creating session for: abhi
[2025-05-17 10:52:48] INFO: [abhi] Logged in as 919473634215:44@s.whatsapp.net
[2025-05-17 10:52:48] WARN: [abhi] Connection closed. Reconnect: true
[2025-05-17 10:52:48] INFO: [abhi] Attempting reconnection...
[2025-05-17 10:52:48] INFO: Creating session for: abhi
[2025-05-17 10:52:48] INFO: [abhi] Logged in as 919473634215:44@s.whatsapp.net
[2025-05-17 10:53:33] INFO: Creating session for: abhi
[2025-05-17 10:53:35] INFO: [abhi] QR generated
[2025-05-17 10:54:07] INFO: Creating session for: abhi
[2025-05-17 10:54:08] INFO: [abhi] QR generated
[2025-05-17 10:54:30] INFO: Creating session for: abhi
[2025-05-17 10:54:33] INFO: [abhi] QR generated
[2025-05-17 10:54:52] INFO: Creating session for: abhi
[2025-05-17 10:54:54] INFO: [abhi] QR generated
[2025-05-17 10:55:33] WARN: [abhi] QR not scanned in time. Destroying session.
[2025-05-17 10:55:33] WARN: [abhi] Connection closed. Reconnect: false
[2025-05-17 10:55:33] INFO: Session abhi destroyed
[2025-05-17 10:55:34] INFO: Session folder removed: C:\Users\ABHI\Documents\ABHI\Agency\msgzone\server\sessions\abhi
[2025-05-17 10:55:41] INFO: Creating session for: abhi
[2025-05-17 10:55:43] INFO: [abhi] QR generated
[2025-05-17 10:55:54] WARN: [abhi] QR not scanned in time. Destroying session.
[2025-05-17 10:55:54] WARN: [abhi] Connection closed. Reconnect: false
[2025-05-17 10:55:54] INFO: Session abhi destroyed
[2025-05-17 10:55:55] INFO: Session folder removed: C:\Users\ABHI\Documents\ABHI\Agency\msgzone\server\sessions\abhi
[2025-05-17 10:56:03] INFO: Creating session for: abhi
[2025-05-17 10:56:04] INFO: [abhi] QR generated
[2025-05-17 10:56:22] INFO: Creating session for: abhi
[2025-05-17 10:56:23] INFO: [abhi] QR generated
[2025-05-17 10:56:43] WARN: [abhi] QR not scanned in time. Destroying session.
[2025-05-17 10:56:43] WARN: [abhi] Connection closed. Reconnect: false
[2025-05-17 10:56:43] INFO: Session abhi destroyed
[2025-05-17 10:56:44] INFO: Session folder removed: C:\Users\ABHI\Documents\ABHI\Agency\msgzone\server\sessions\abhi
[2025-05-17 10:56:53] ERROR: Connection update error: Cannot read properties of undefined (reading 'qr')
[2025-05-17 10:57:04] ERROR: Connection update error: Cannot read properties of undefined (reading 'qr')
[2025-05-17 10:57:04] WARN: [abhi] QR not scanned in time. Destroying session.
[2025-05-17 10:57:13] WARN: [abhi] Connection closed. Reconnect: true
[2025-05-17 10:57:23] WARN: [abhi] QR not scanned in time. Destroying session.
[2025-05-17 10:57:24] ERROR: Connection update error: Cannot read properties of undefined (reading 'qr')
[2025-05-17 10:57:44] ERROR: Connection update error: Cannot read properties of undefined (reading 'qr')
[2025-05-17 10:58:04] ERROR: Connection update error: Cannot read properties of undefined (reading 'qr')
[2025-05-17 10:58:05] INFO: Creating session for: abhi
[2025-05-17 10:58:06] INFO: [abhi] QR generated
[2025-05-17 10:58:26] INFO: [abhi] Old session folder removed
[2025-05-17 10:58:28] INFO: [abhi] QR generated
[2025-05-17 10:58:36] INFO: [abhi] Destroying existing session
[2025-05-17 10:58:36] WARN: [abhi] Connection closed. Reconnect: false
[2025-05-17 10:58:36] INFO: Session abhi destroyed
[2025-05-17 10:58:38] INFO: Session folder removed: C:\Users\ABHI\Documents\ABHI\Agency\msgzone\server\sessions\abhi
[2025-05-17 10:58:38] INFO: [abhi] QR generated
[2025-05-17 10:59:18] INFO: [abhi] Destroying existing session
[2025-05-17 10:59:18] WARN: [abhi] Connection closed. Reconnect: false
[2025-05-17 10:59:18] INFO: Session abhi destroyed
[2025-05-17 10:59:19] INFO: Session folder removed: C:\Users\ABHI\Documents\ABHI\Agency\msgzone\server\sessions\abhi
[2025-05-17 10:59:20] INFO: [abhi] QR generated
[2025-05-17 10:59:28] WARN: [abhi] QR not scanned in time. Auto-destroying session.
[2025-05-17 10:59:28] WARN: [abhi] Connection closed. Reconnect: false
[2025-05-17 10:59:28] INFO: Session abhi destroyed
[2025-05-17 10:59:29] INFO: Session folder removed: C:\Users\ABHI\Documents\ABHI\Agency\msgzone\server\sessions\abhi
[2025-05-17 11:00:26] INFO: [abhi] QR generated
[2025-05-17 11:00:27] INFO: [abhi] Destroying existing session
[2025-05-17 11:00:27] WARN: [abhi] Connection closed. Reconnect: false
[2025-05-17 11:00:27] INFO: Session abhi destroyed
[2025-05-17 11:00:28] INFO: Session folder removed: C:\Users\ABHI\Documents\ABHI\Agency\msgzone\server\sessions\abhi
[2025-05-17 11:00:28] INFO: [abhi] QR generated
[2025-05-17 11:01:26] WARN: [abhi] QR not scanned in time. Auto-destroying session.
[2025-05-17 11:01:26] WARN: [abhi] Connection closed. Reconnect: false
[2025-05-17 11:01:26] INFO: Session abhi destroyed
[2025-05-17 11:01:27] INFO: Session folder removed: C:\Users\ABHI\Documents\ABHI\Agency\msgzone\server\sessions\abhi
[2025-05-17 11:01:28] WARN: [abhi] QR not scanned in time. Auto-destroying session.
[2025-05-17 11:01:57] INFO: [abhi] QR generated
[2025-05-17 11:02:09] INFO: [abhi] Destroying existing session
[2025-05-17 11:02:09] WARN: [abhi] Connection closed. Reconnect: false
[2025-05-17 11:02:09] INFO: Session abhi destroyed
[2025-05-17 11:02:10] INFO: Session folder removed: C:\Users\ABHI\Documents\ABHI\Agency\msgzone\server\sessions\abhi
[2025-05-17 11:02:11] INFO: [abhi] QR generated
[2025-05-17 11:02:19] INFO: [abhi] Destroying existing session
[2025-05-17 11:02:19] WARN: [abhi] Connection closed. Reconnect: false
[2025-05-17 11:02:19] INFO: Session abhi destroyed
[2025-05-17 11:02:20] INFO: Session folder removed: C:\Users\ABHI\Documents\ABHI\Agency\msgzone\server\sessions\abhi
[2025-05-17 11:02:21] INFO: [abhi] QR generated
[2025-05-17 11:02:36] INFO: [abhi] Destroying existing session
[2025-05-17 11:02:36] WARN: [abhi] Connection closed. Reconnect: false
[2025-05-17 11:02:36] INFO: Session abhi destroyed
[2025-05-17 11:02:37] INFO: Session folder removed: C:\Users\ABHI\Documents\ABHI\Agency\msgzone\server\sessions\abhi
[2025-05-17 11:02:38] INFO: [abhi] QR generated
[2025-05-17 11:02:49] INFO: [abhi] Destroying existing session
[2025-05-17 11:02:49] WARN: [abhi] Connection closed. Reconnect: false
[2025-05-17 11:02:49] INFO: Session abhi destroyed
[2025-05-17 11:02:50] INFO: Session folder removed: C:\Users\ABHI\Documents\ABHI\Agency\msgzone\server\sessions\abhi
[2025-05-17 11:02:50] INFO: [abhi] QR generated
[2025-05-17 11:02:55] INFO: [abhi] Destroying existing session
[2025-05-17 11:02:55] WARN: [abhi] Connection closed. Reconnect: false
[2025-05-17 11:02:55] INFO: Session abhi destroyed
[2025-05-17 11:02:56] INFO: Session folder removed: C:\Users\ABHI\Documents\ABHI\Agency\msgzone\server\sessions\abhi
[2025-05-17 11:02:57] WARN: [abhi] QR not scanned in time. Auto-destroying session.
[2025-05-17 11:02:57] WARN: [abhi] Connection closed. Reconnect: false
[2025-05-17 11:02:57] INFO: Session abhi destroyed
[2025-05-17 11:02:58] INFO: Session folder removed: C:\Users\ABHI\Documents\ABHI\Agency\msgzone\server\sessions\abhi
[2025-05-17 11:03:04] INFO: [abhi] QR generated
[2025-05-17 11:03:10] INFO: [abhi] Destroying existing session
[2025-05-17 11:03:10] WARN: [abhi] Connection closed. Reconnect: false
[2025-05-17 11:03:10] INFO: Session abhi destroyed
[2025-05-17 11:03:11] WARN: [abhi] QR not scanned in time. Auto-destroying session.
[2025-05-17 11:05:02] INFO: [abhi] QR generated
[2025-05-17 11:05:13] INFO: [abhi] Destroying existing session
[2025-05-17 11:05:13] WARN: [abhi] Connection closed. Reconnect: false
[2025-05-17 11:05:13] INFO: Session abhi destroyed
[2025-05-17 11:05:14] INFO: Session folder removed: C:\Users\ABHI\Documents\ABHI\Agency\msgzone\server\sessions\abhi
[2025-05-17 11:05:15] INFO: [abhi] QR generated
[2025-05-17 11:05:31] INFO: [abhi] Destroying existing session
[2025-05-17 11:05:31] WARN: [abhi] Connection closed. Reconnect: false
[2025-05-17 11:05:31] INFO: Session abhi destroyed
[2025-05-17 11:05:32] INFO: Session folder removed: C:\Users\ABHI\Documents\ABHI\Agency\msgzone\server\sessions\abhi
[2025-05-17 11:05:33] INFO: [abhi] QR generated
[2025-05-17 11:05:57] WARN: [abhi] Connection closed. Reconnect: true
[2025-05-17 11:06:02] WARN: [abhi] QR not scanned in time. Auto-destroying session.
[2025-05-17 11:06:15] WARN: [abhi] QR not scanned in time. Auto-destroying session.
[2025-05-17 11:06:18] INFO: [abhi] Old session folder removed
[2025-05-17 11:06:20] INFO: [abhi] QR generated
[2025-05-17 11:06:33] WARN: [abhi] QR not scanned in time. Auto-destroying session.
[2025-05-17 11:06:33] WARN: [abhi] Connection closed. Reconnect: false
[2025-05-17 11:06:33] INFO: Session abhi destroyed
[2025-05-17 11:06:34] INFO: Session folder removed: C:\Users\ABHI\Documents\ABHI\Agency\msgzone\server\sessions\abhi
[2025-05-17 11:06:55] INFO: [abhi] QR generated
[2025-05-17 11:07:12] WARN: [abhi] Connection closed. Reconnect: true
[2025-05-17 11:07:20] WARN: [abhi] QR not scanned in time. Auto-destroying session.
[2025-05-17 11:07:55] WARN: [abhi] QR not scanned in time. Auto-destroying session.
[2025-05-17 11:08:41] INFO: [abhi] Old session folder removed
[2025-05-17 11:08:43] INFO: [abhi] QR generated
[2025-05-17 11:08:59] WARN: [abhi] Connection closed. Reconnect: true
[2025-05-17 11:09:43] WARN: [abhi] QR not scanned in time. Auto-destroying session.
[2025-05-17 11:09:43] INFO: [abhi] Old session folder removed
[2025-05-17 11:10:07] INFO: [abhi] QR generated
[2025-05-17 11:10:26] WARN: [abhi] Connection closed. Reconnect: true
[2025-05-17 11:11:07] WARN: [abhi] QR not scanned in time. Auto-destroying session.
[2025-05-17 11:11:07] INFO: [abhi] Old session folder removed
[2025-05-17 11:12:40] INFO: [abhi] QR generated
[2025-05-17 11:12:59] WARN: [abhi] Connection closed.
[2025-05-17 11:12:59] WARN: Reason Code: 515
[2025-05-17 11:12:59] WARN: Reason Msg: Stream Errored (restart required)
[2025-05-17 11:12:59] WARN: [abhi] Reconnect: true
[2025-05-17 11:13:40] WARN: [abhi] QR not scanned in time. Auto-destroying session.
[2025-05-17 11:13:40] INFO: Session abhi destroyed
[2025-05-17 11:16:13] INFO: Creating session for: abhi
[2025-05-17 11:16:15] INFO: [abhi] QR generated
[2025-05-17 11:16:32] WARN: [abhi] Connection closed. Reconnect: true
[2025-05-17 11:16:32] INFO: [abhi] Attempting reconnection...
[2025-05-17 11:16:32] INFO: Creating session for: abhi
[2025-05-17 11:16:35] INFO: [abhi] Logged in as 919473634215:51@s.whatsapp.net
[2025-05-17 11:17:20] WARN: [abhi] Connection closed. Reconnect: false
[2025-05-17 11:17:21] INFO: Session folder removed: C:\Users\ABHI\Documents\ABHI\Agency\msgzone\server\sessions\abhi
[2025-05-17 11:18:17] INFO: Creating session for: abhi
[2025-05-17 11:18:19] INFO: [abhi] QR generated
[2025-05-17 11:19:19] INFO: [abhi] QR generated
[2025-05-17 11:19:39] INFO: [abhi] QR generated
[2025-05-17 11:19:59] INFO: [abhi] QR generated
[2025-05-17 11:20:19] INFO: [abhi] QR generated
[2025-05-17 11:20:39] INFO: [abhi] QR generated
[2025-05-17 11:20:45] INFO: Creating session for: abhi
[2025-05-17 11:20:47] INFO: [abhi] QR generated
[2025-05-17 11:20:59] WARN: [abhi] Connection closed. Reconnect: true
[2025-05-17 11:21:47] ERROR: Connection update error: Cannot set properties of undefined (setting 'qr')
[2025-05-17 11:22:07] ERROR: Connection update error: Cannot set properties of undefined (setting 'qr')
[2025-05-17 11:22:27] ERROR: Connection update error: Cannot set properties of undefined (setting 'qr')
[2025-05-17 11:22:36] INFO: Creating session for: abhi
[2025-05-17 11:22:38] INFO: [abhi] QR generated
[2025-05-17 11:22:47] INFO: [abhi] QR generated
[2025-05-17 11:23:07] INFO: [abhi] QR generated
[2025-05-17 11:23:27] WARN: [abhi] Connection closed. Reconnect: true
[2025-05-17 11:23:38] ERROR: Connection update error: Cannot set properties of undefined (setting 'qr')
[2025-05-17 11:23:58] ERROR: Connection update error: Cannot set properties of undefined (setting 'qr')
[2025-05-17 11:24:18] ERROR: Connection update error: Cannot set properties of undefined (setting 'qr')
[2025-05-17 11:24:38] ERROR: Connection update error: Cannot set properties of undefined (setting 'qr')
[2025-05-17 11:25:49] INFO: Creating session for: abhi
[2025-05-17 11:25:51] INFO: [abhi] QR generated
[2025-05-17 11:26:51] WARN: [abhi] QR not scanned in time. Destroying session.
[2025-05-17 11:27:24] INFO: Creating session for: abhi
[2025-05-17 11:27:26] INFO: [abhi] QR generated
[2025-05-17 11:27:55] INFO: Creating session for: abhi
[2025-05-17 11:27:56] INFO: [abhi] QR generated
[2025-05-17 11:28:26] WARN: [abhi] QR not scanned in time. Destroying session.
[2025-05-17 11:28:26] WARN: [abhi] Connection closed. Reconnect: false
[2025-05-17 11:28:26] INFO: Session abhi destroyed
[2025-05-17 11:28:27] INFO: Session folder removed: C:\Users\ABHI\Documents\ABHI\Agency\msgzone\server\sessions\abhi
[2025-05-17 11:28:46] ERROR: Connection update error: Cannot read properties of undefined (reading 'qr')
[2025-05-17 11:28:56] WARN: [abhi] QR not scanned in time. Destroying session.
[2025-05-17 11:29:06] ERROR: Connection update error: Cannot read properties of undefined (reading 'qr')
[2025-05-17 11:29:26] ERROR: Connection update error: Cannot read properties of undefined (reading 'qr')
[2025-05-17 11:29:44] INFO: Creating session for: abhi
[2025-05-17 11:29:46] INFO: [abhi] QR generated
[2025-05-17 11:30:06] WARN: [abhi] Connection closed. Reconnect: true
[2025-05-17 11:30:33] INFO: Creating session for: abhi
[2025-05-17 11:30:34] INFO: [abhi] QR generated
[2025-05-17 11:30:46] WARN: [abhi] QR not scanned in time. Destroying session.
[2025-05-17 11:30:46] WARN: [abhi] Connection closed. Reconnect: false
[2025-05-17 11:30:46] INFO: Session abhi destroyed
[2025-05-17 11:30:47] INFO: Session folder removed: C:\Users\ABHI\Documents\ABHI\Agency\msgzone\server\sessions\abhi
[2025-05-17 11:30:55] INFO: Creating session for: abhi
[2025-05-17 11:30:57] INFO: [abhi] QR generated
[2025-05-17 11:31:34] WARN: [abhi] QR not scanned in time. Destroying session.
[2025-05-17 11:31:34] WARN: [abhi] Connection closed. Reconnect: false
[2025-05-17 11:31:34] INFO: Session abhi destroyed
[2025-05-17 11:31:35] INFO: Session folder removed: C:\Users\ABHI\Documents\ABHI\Agency\msgzone\server\sessions\abhi
[2025-05-17 11:31:46] ERROR: Connection update error: Cannot read properties of undefined (reading 'qr')
[2025-05-17 11:31:57] WARN: [abhi] QR not scanned in time. Destroying session.
[2025-05-17 11:32:06] ERROR: Connection update error: Cannot read properties of undefined (reading 'qr')
[2025-05-17 11:32:26] WARN: [abhi] Connection closed. Reconnect: true
[2025-05-17 11:32:50] INFO: Creating session for: abhi
[2025-05-17 11:32:52] INFO: [abhi] QR generated
[2025-05-17 11:33:13] WARN: [abhi] Connection closed. Reconnect: true
[2025-05-17 11:33:13] INFO: [abhi] Attempting reconnection...
[2025-05-17 11:33:13] INFO: Creating session for: abhi
[2025-05-17 11:33:16] INFO: [abhi] Logged in as 919473634215:52@s.whatsapp.net
[2025-05-17 13:00:06] INFO: Creating session for: abhi
[2025-05-17 13:00:08] INFO: [abhi] Logged in as 919473634215:52@s.whatsapp.net
[2025-05-17 13:00:17] ERROR: Cannot access 'session' before initialization
[2025-05-17 13:00:53] INFO: Creating session for: abhi
[2025-05-17 13:00:55] INFO: [abhi] Logged in as 919473634215:52@s.whatsapp.net
[2025-05-17 13:01:04] INFO: Creating session for: abhi
[2025-05-17 13:01:07] INFO: [abhi] Logged in as 919473634215:52@s.whatsapp.net
