[2025-05-17 16:02:26] ERROR: Client creation failed: req is not defined
[2025-05-17 16:02:26] ERROR: Error creating client for 682438d25c23d3b9eef628db-business: req is not defined
[2025-05-17 16:05:11] ERROR: Connection update error: Cannot read properties of null (reading 'devices')
[2025-05-17 16:17:15] ERROR: Send message failed: results is not defined
[2025-05-24 13:17:44] ERROR: Send message failed : Number not found on WhatsApp
[2025-05-25 16:42:40] ERROR: Connection update error: Cannot read properties of null (reading 'devices')
[2025-05-25 16:42:41] ERROR: Connection update error: Cannot read properties of null (reading 'devices')
[2025-05-25 16:45:08] ERROR: Connection update error: Cannot read properties of null (reading 'devices')
[2025-05-25 16:45:08] ERROR: Connection update error: Cannot read properties of null (reading 'devices')
[2025-05-25 16:46:17] ERROR: Connection update error: Cannot read properties of null (reading 'devices')
[2025-05-25 16:46:17] ERROR: Connection update error: Cannot read properties of null (reading 'devices')
[2025-05-25 23:42:26] ERROR: Connection update error: Cannot read properties of null (reading 'devices')
[2025-05-25 23:42:26] ERROR: Connection update error: Cannot read properties of null (reading 'devices')
[2025-05-26 00:53:49] ERROR: Connection update error: Cannot read properties of null (reading 'devices')
[2025-05-26 00:53:50] ERROR: Connection update error: Cannot read properties of null (reading 'devices')
[2025-05-26 00:54:57] ERROR: Connection update error: Cannot read properties of null (reading 'devices')
[2025-05-26 00:54:57] ERROR: Connection update error: Cannot read properties of null (reading 'devices')
[2025-05-26 00:56:04] ERROR: Connection update error: Cannot read properties of null (reading 'devices')
[2025-05-26 00:56:04] ERROR: Connection update error: Cannot read properties of null (reading 'devices')
[2025-05-26 00:56:58] ERROR: Connection update error: Cannot read properties of null (reading 'devices')
[2025-05-26 00:56:59] ERROR: Connection update error: Cannot read properties of null (reading 'devices')
[2025-05-26 01:02:16] ERROR: Connection update error: Cannot read properties of null (reading 'devices')
[2025-05-26 01:02:16] ERROR: Connection update error: Cannot read properties of null (reading 'devices')
